<?xml version='1.0' encoding='UTF-8'?>
<testsuite hostname="DESKTOP-16FKM8S" name="neon.core.TransportOrderConfirmationServiceSuite" tests="17" errors="0" failures="0" skipped="0" time="0.147" timestamp="2026-04-14T14:37:37">
          <properties>
[...]
</properties>
          <testcase classname="neon.core.TransportOrderConfirmationServiceSuite" name="TransportOrderConfirmationService when transport order does not exist returns TransportOrderNotFound" time="0.061">
                      
                    </testcase><testcase classname="neon.core.TransportOrderConfirmationServiceSuite" name="TransportOrderConfirmationService when transport order is not Pending rejects Confirmed" time="0.006">
                      
                    </testcase><testcase classname="neon.core.TransportOrderConfirmationServiceSuite" name="TransportOrderConfirmationService when transport order is not Pending rejects Cancelled" time="0.001">
                      
                    </testcase><testcase classname="neon.core.TransportOrderConfirmationServiceSuite" name="TransportOrderConfirmationService when handling unit does not exist returns HandlingUnitNotFound" time="0.006">
                      
                    </testcase><testcase classname="neon.core.TransportOrderConfirmationServiceSuite" name="TransportOrderConfirmationService when handling unit is not PickCreated rejects InBuffer" time="0.017">
                      
                    </testcase><testcase classname="neon.core.TransportOrderConfirmationServiceSuite" name="TransportOrderConfirmationService when handling unit is not PickCreated rejects Empty" time="0.004">
                      
                    </testcase><testcase classname="neon.core.TransportOrderConfirmationServiceSuite" name="TransportOrderConfirmationService confirming confirms transport order and moves handling unit to buffer" time="0.011">
                      
                    </testcase><testcase classname="neon.core.TransportOrderConfirmationServiceSuite" name="TransportOrderConfirmationService confirming includes handling unit and destination in confirmed event" time="0.0">
                      
                    </testcase><testcase classname="neon.core.TransportOrderConfirmationServiceSuite" name="TransportOrderConfirmationService confirming includes buffer location in handling unit event" time="0.001">
                      
                    </testcase><testcase classname="neon.core.TransportOrderConfirmationServiceSuite" name="TransportOrderConfirmationService confirming persists Confirmed transport order" time="0.011">
                      
                    </testcase><testcase classname="neon.core.TransportOrderConfirmationServiceSuite" name="TransportOrderConfirmationService confirming persists InBuffer handling unit" time="0.001">
                      
                    </testcase><testcase classname="neon.core.TransportOrderConfirmationServiceSuite" name="TransportOrderConfirmationService buffer completion cascade when all handling units arrive transitions consolidation group to ReadyForWorkstation" time="0.008">
                      
                    </testcase><testcase classname="neon.core.TransportOrderConfirmationServiceSuite" name="TransportOrderConfirmationService buffer completion cascade when other handling units are not yet in buffer does not transition consolidation group" time="0.004">
                      
                    </testcase><testcase classname="neon.core.TransportOrderConfirmationServiceSuite" name="TransportOrderConfirmationService buffer completion cascade when context is missing skips when no task found for handling unit" time="0.014">
                      
                    </testcase><testcase classname="neon.core.TransportOrderConfirmationServiceSuite" name="TransportOrderConfirmationService buffer completion cascade when context is missing skips when task has no wave" time="0.002">
                      
                    </testcase><testcase classname="neon.core.TransportOrderConfirmationServiceSuite" name="TransportOrderConfirmationService buffer completion cascade when context is missing skips when no consolidation group found for wave" time="0.0">
                      
                    </testcase><testcase classname="neon.core.TransportOrderConfirmationServiceSuite" name="TransportOrderConfirmationService buffer completion cascade when context is missing skips when consolidation group is not in Picked state" time="0.0">
                      
                    </testcase>
          <system-out><![CDATA[]]></system-out>
          <system-err><![CDATA[]]></system-err>
        </testsuite>