<?xml version='1.0' encoding='UTF-8'?>
<testsuite hostname="DESKTOP-16FKM8S" name="eva.handlingunit.HandlingUnitSuite" tests="13" errors="0" failures="0" skipped="0" time="0.117" timestamp="2026-04-09T22:31:03">
          <properties>
[...]
</properties>
          <testcase classname="eva.handlingunit.HandlingUnitSuite" name="HandlingUnit Pick lifecycle fills at pick face, moves to buffer, empties at put-wall" time="0.045">
                      
                    </testcase><testcase classname="eva.handlingunit.HandlingUnitSuite" name="HandlingUnit Ship lifecycle packs at station, clears for shipping, ships" time="0.029">
                      
                    </testcase><testcase classname="eva.handlingunit.HandlingUnitSuite" name="HandlingUnit location tracking moveToBuffer updates location from pick face to buffer" time="0.014">
                      
                    </testcase><testcase classname="eva.handlingunit.HandlingUnitSuite" name="HandlingUnit location tracking pack preserves the station location" time="0.001">
                      
                    </testcase><testcase classname="eva.handlingunit.HandlingUnitSuite" name="HandlingUnit location tracking readyToShip preserves station location through the ship stream" time="0.0">
                      
                    </testcase><testcase classname="eva.handlingunit.HandlingUnitSuite" name="HandlingUnit packaging level carries through the Pick path" time="0.012">
                      
                    </testcase><testcase classname="eva.handlingunit.HandlingUnitSuite" name="HandlingUnit packaging level carries through the Ship path" time="0.008">
                      
                    </testcase><testcase classname="eva.handlingunit.HandlingUnitSuite" name="HandlingUnit order identity threads orderId through the Ship lifecycle" time="0.001">
                      
                    </testcase><testcase classname="eva.handlingunit.HandlingUnitSuite" name="HandlingUnit order identity ship events carry orderId for downstream routing" time="0.001">
                      
                    </testcase><testcase classname="eva.handlingunit.HandlingUnitSuite" name="HandlingUnit events identify the handling unit for downstream routing" time="0.001">
                      
                    </testcase><testcase classname="eva.handlingunit.HandlingUnitSuite" name="HandlingUnit events moveToBuffer records the destination for transport order creation" time="0.002">
                      
                    </testcase><testcase classname="eva.handlingunit.HandlingUnitSuite" name="HandlingUnit events emptied event identifies the handling unit" time="0.002">
                      
                    </testcase><testcase classname="eva.handlingunit.HandlingUnitSuite" name="HandlingUnit events ship lifecycle events identify the handling unit" time="0.001">
                      
                    </testcase>
          <system-out><![CDATA[]]></system-out>
          <system-err><![CDATA[]]></system-err>
        </testsuite>