<?xml version='1.0' encoding='UTF-8'?>
<testsuite hostname="DESKTOP-16FKM8S" name="neon.inbounddelivery.InboundDeliverySuite" tests="19" errors="0" failures="0" skipped="0" time="0.182" timestamp="2026-04-14T14:37:16">
          <properties>
[...]
</properties>
          <testcase classname="neon.inbounddelivery.InboundDeliverySuite" name="InboundDelivery creation validates expectedQuantity is positive" time="0.073">
                      
                    </testcase><testcase classname="neon.inbounddelivery.InboundDeliverySuite" name="InboundDelivery creation validates expectedQuantity is not negative" time="0.002">
                      
                    </testcase><testcase classname="neon.inbounddelivery.InboundDeliverySuite" name="InboundDelivery starting to receive transitions from New to Receiving" time="0.024">
                      
                    </testcase><testcase classname="neon.inbounddelivery.InboundDeliverySuite" name="InboundDelivery starting to receive emits ReceivingStarted event" time="0.003">
                      
                    </testcase><testcase classname="neon.inbounddelivery.InboundDeliverySuite" name="InboundDelivery receiving quantity increments received quantity" time="0.013">
                      
                    </testcase><testcase classname="neon.inbounddelivery.InboundDeliverySuite" name="InboundDelivery receiving quantity increments rejected quantity" time="0.001">
                      
                    </testcase><testcase classname="neon.inbounddelivery.InboundDeliverySuite" name="InboundDelivery receiving quantity accumulates across multiple receives" time="0.001">
                      
                    </testcase><testcase classname="neon.inbounddelivery.InboundDeliverySuite" name="InboundDelivery receiving quantity emits QuantityReceived event with correct quantities" time="0.001">
                      
                    </testcase><testcase classname="neon.inbounddelivery.InboundDeliverySuite" name="InboundDelivery receiving quantity rejects when received + rejected exceeds expected" time="0.006">
                      
                    </testcase><testcase classname="neon.inbounddelivery.InboundDeliverySuite" name="InboundDelivery receiving quantity allows receiving up to exactly expected quantity" time="0.001">
                      
                    </testcase><testcase classname="neon.inbounddelivery.InboundDeliverySuite" name="InboundDelivery receiving quantity rejects zero quantity when rejected is also zero" time="0.002">
                      
                    </testcase><testcase classname="neon.inbounddelivery.InboundDeliverySuite" name="InboundDelivery isFullyReceived returns true when received + rejected equals expected" time="0.012">
                      
                    </testcase><testcase classname="neon.inbounddelivery.InboundDeliverySuite" name="InboundDelivery isFullyReceived returns false when quantities do not match expected" time="0.003">
                      
                    </testcase><testcase classname="neon.inbounddelivery.InboundDeliverySuite" name="InboundDelivery completing transitions to Received when fully received" time="0.003">
                      
                    </testcase><testcase classname="neon.inbounddelivery.InboundDeliverySuite" name="InboundDelivery completing emits Received event" time="0.001">
                      
                    </testcase><testcase classname="neon.inbounddelivery.InboundDeliverySuite" name="InboundDelivery completing rejects completion when not fully received" time="0.002">
                      
                    </testcase><testcase classname="neon.inbounddelivery.InboundDeliverySuite" name="InboundDelivery closing forces remaining quantity as rejected" time="0.012">
                      
                    </testcase><testcase classname="neon.inbounddelivery.InboundDeliverySuite" name="InboundDelivery closing emits Closed event" time="0.002">
                      
                    </testcase><testcase classname="neon.inbounddelivery.InboundDeliverySuite" name="InboundDelivery cancelling transitions from New to Cancelled" time="0.02">
                      
                    </testcase>
          <system-out><![CDATA[]]></system-out>
          <system-err><![CDATA[]]></system-err>
        </testsuite>