<?xml version='1.0' encoding='UTF-8'?>
<testsuite hostname="DESKTOP-16FKM8S" name="neon.inbounddelivery.InboundDeliveryActorSuite" tests="12" errors="0" failures="0" skipped="0" time="0.707" timestamp="2026-04-14T14:37:16">
          <properties>
[...]
</properties>
          <testcase classname="neon.inbounddelivery.InboundDeliveryActorSuite" name="InboundDeliveryActor Create persists InboundDeliveryCreated event and sets New state" time="0.378">
                      
                    </testcase><testcase classname="neon.inbounddelivery.InboundDeliveryActorSuite" name="InboundDeliveryActor GetState returns None when empty" time="0.015">
                      
                    </testcase><testcase classname="neon.inbounddelivery.InboundDeliveryActorSuite" name="InboundDeliveryActor GetState returns Some after creation" time="0.017">
                      
                    </testcase><testcase classname="neon.inbounddelivery.InboundDeliveryActorSuite" name="InboundDeliveryActor StartReceiving transitions New to Receiving" time="0.021">
                      
                    </testcase><testcase classname="neon.inbounddelivery.InboundDeliveryActorSuite" name="InboundDeliveryActor StartReceiving rejects StartReceiving in EmptyState" time="0.012">
                      
                    </testcase><testcase classname="neon.inbounddelivery.InboundDeliveryActorSuite" name="InboundDeliveryActor Receive increments received quantity" time="0.072">
                      
                    </testcase><testcase classname="neon.inbounddelivery.InboundDeliveryActorSuite" name="InboundDeliveryActor Receive rejects Receive when not in Receiving state" time="0.016">
                      
                    </testcase><testcase classname="neon.inbounddelivery.InboundDeliveryActorSuite" name="InboundDeliveryActor Complete transitions Receiving to Received when fully received" time="0.048">
                      
                    </testcase><testcase classname="neon.inbounddelivery.InboundDeliveryActorSuite" name="InboundDeliveryActor Close forces remaining as rejected and transitions to Closed" time="0.039">
                      
                    </testcase><testcase classname="neon.inbounddelivery.InboundDeliveryActorSuite" name="InboundDeliveryActor Cancel cancels a New delivery" time="0.022">
                      
                    </testcase><testcase classname="neon.inbounddelivery.InboundDeliveryActorSuite" name="InboundDeliveryActor Cancel rejects Cancel on Receiving delivery" time="0.018">
                      
                    </testcase><testcase classname="neon.inbounddelivery.InboundDeliveryActorSuite" name="InboundDeliveryActor event replay recovers New state from journal" time="0.049">
                      
                    </testcase>
          <system-out><![CDATA[]]></system-out>
          <system-err><![CDATA[]]></system-err>
        </testsuite>