<?xml version='1.0' encoding='UTF-8'?>
<testsuite hostname="DESKTOP-16FKM8S" name="eva.transportorder.PekkoTransportOrderRepositorySuite" tests="3" errors="0" failures="0" skipped="0" time="0.891" timestamp="2026-04-09T22:30:57">
          <properties>
[...]
</properties>
          <testcase classname="eva.transportorder.PekkoTransportOrderRepositorySuite" name="PekkoTransportOrderRepository save and findById persists a Pending transport order and retrieves it" time="0.806">
                      
                    </testcase><testcase classname="eva.transportorder.PekkoTransportOrderRepositorySuite" name="PekkoTransportOrderRepository save and findById returns None for a non-existent transport order" time="0.054">
                      
                    </testcase><testcase classname="eva.transportorder.PekkoTransportOrderRepositorySuite" name="PekkoTransportOrderRepository saveAll persists multiple transport orders" time="0.031">
                      
                    </testcase>
          <system-out><![CDATA[]]></system-out>
          <system-err><![CDATA[]]></system-err>
        </testsuite>