<?xml version='1.0' encoding='UTF-8'?>
<testsuite hostname="DESKTOP-16FKM8S" name="neon.task.TaskSuite" tests="28" errors="0" failures="0" skipped="0" time="0.189" timestamp="2026-04-14T14:37:18">
          <properties>
[...]
</properties>
          <testcase classname="neon.task.TaskSuite" name="Task creating returns Planned state and emits TaskCreated event" time="0.088">
                      
                    </testcase><testcase classname="neon.task.TaskSuite" name="Task creating TaskCreated event includes all fields for event sourcing" time="0.001">
                      
                    </testcase><testcase classname="neon.task.TaskSuite" name="Task creating rejects zero requested quantity" time="0.001">
                      
                    </testcase><testcase classname="neon.task.TaskSuite" name="Task creating rejects negative requested quantity" time="0.002">
                      
                    </testcase><testcase classname="neon.task.TaskSuite" name="Task allocating stores source and destination locations" time="0.011">
                      
                    </testcase><testcase classname="neon.task.TaskSuite" name="Task allocating TaskAllocated event carries task identity, locations, and timestamp" time="0.0">
                      
                    </testcase><testcase classname="neon.task.TaskSuite" name="Task allocating preserves all Planned fields" time="0.0">
                      
                    </testcase><testcase classname="neon.task.TaskSuite" name="Task assigning binds the operator to the task" time="0.04">
                      
                    </testcase><testcase classname="neon.task.TaskSuite" name="Task assigning propagates locations from Allocated" time="0.0">
                      
                    </testcase><testcase classname="neon.task.TaskSuite" name="Task assigning TaskAssigned event carries operator ID and timestamp" time="0.002">
                      
                    </testcase><testcase classname="neon.task.TaskSuite" name="Task completing records both requested and actual quantities" time="0.008">
                      
                    </testcase><testcase classname="neon.task.TaskSuite" name="Task completing TaskCompleted event carries all fields for downstream policies" time="0.007">
                      
                    </testcase><testcase classname="neon.task.TaskSuite" name="Task completing preserves operator, packaging level, and locations" time="0.002">
                      
                    </testcase><testcase classname="neon.task.TaskSuite" name="Task completing allows zero actual quantity for full shortpick" time="0.0">
                      
                    </testcase><testcase classname="neon.task.TaskSuite" name="Task completing allows actual quantity greater than requested for over-pick" time="0.001">
                      
                    </testcase><testcase classname="neon.task.TaskSuite" name="Task completing rejects negative actual quantity" time="0.002">
                      
                    </testcase><testcase classname="neon.task.TaskSuite" name="Task cancelling from Planned omits locations and assignedTo" time="0.003">
                      
                    </testcase><testcase classname="neon.task.TaskSuite" name="Task cancelling from Allocated preserves locations but omits assignedTo" time="0.001">
                      
                    </testcase><testcase classname="neon.task.TaskSuite" name="Task cancelling from Assigned preserves locations and operator ID" time="0.001">
                      
                    </testcase><testcase classname="neon.task.TaskSuite" name="Task cancelling TaskCancelled event carries wave ID" time="0.0">
                      
                    </testcase><testcase classname="neon.task.TaskSuite" name="Task cancelling TaskCancelled event carries handling unit ID" time="0.001">
                      
                    </testcase><testcase classname="neon.task.TaskSuite" name="Task cancelling preserves packaging level" time="0.001">
                      
                    </testcase><testcase classname="neon.task.TaskSuite" name="Task parentTaskId traceability Completed state preserves parent task reference" time="0.001">
                      
                    </testcase><testcase classname="neon.task.TaskSuite" name="Task parentTaskId traceability TaskCompleted event includes parent task reference" time="0.0">
                      
                    </testcase><testcase classname="neon.task.TaskSuite" name="Task parentTaskId traceability Cancelled state preserves parent task reference" time="0.001">
                      
                    </testcase><testcase classname="neon.task.TaskSuite" name="Task parentTaskId traceability TaskCancelled event includes parent task reference" time="0.003">
                      
                    </testcase><testcase classname="neon.task.TaskSuite" name="Task parentTaskId traceability omits parent task reference for non-replacement tasks" time="0.001">
                      
                    </testcase><testcase classname="neon.task.TaskSuite" name="Task full lifecycle preserves identity across Planned → Allocated → Assigned → Completed" time="0.011">
                      
                    </testcase>
          <system-out><![CDATA[]]></system-out>
          <system-err><![CDATA[]]></system-err>
        </testsuite>