<?xml version='1.0' encoding='UTF-8'?>
<testsuite hostname="DESKTOP-16FKM8S" name="neon.handlingunitstock.HandlingUnitStockSuite" tests="42" errors="0" failures="0" skipped="0" time="0.132" timestamp="2026-04-14T14:37:23">
          <properties>
[...]
</properties>
          <testcase classname="neon.handlingunitstock.HandlingUnitStockSuite" name="HandlingUnitStock creating produces a HandlingUnitStock with available equal to onHand and a Created event" time="0.066">
                      
                    </testcase><testcase classname="neon.handlingunitstock.HandlingUnitStockSuite" name="HandlingUnitStock creating sets available equal to onHand with all other buckets at zero" time="0.002">
                      
                    </testcase><testcase classname="neon.handlingunitstock.HandlingUnitStockSuite" name="HandlingUnitStock creating rejects negative initial quantity" time="0.002">
                      
                    </testcase><testcase classname="neon.handlingunitstock.HandlingUnitStockSuite" name="HandlingUnitStock creating accepts zero initial quantity" time="0.0">
                      
                    </testcase><testcase classname="neon.handlingunitstock.HandlingUnitStockSuite" name="HandlingUnitStock creating supports logical containers with physicalContainer set to false" time="0.001">
                      
                    </testcase><testcase classname="neon.handlingunitstock.HandlingUnitStockSuite" name="HandlingUnitStock creating Created event carries all identity fields and quantity" time="0.001">
                      
                    </testcase><testcase classname="neon.handlingunitstock.HandlingUnitStockSuite" name="HandlingUnitStock allocating moves quantity from available to allocated" time="0.004">
                      
                    </testcase><testcase classname="neon.handlingunitstock.HandlingUnitStockSuite" name="HandlingUnitStock allocating maintains the onHand invariant after allocation" time="0.001">
                      
                    </testcase><testcase classname="neon.handlingunitstock.HandlingUnitStockSuite" name="HandlingUnitStock allocating returns Allocated event with quantity and timestamp" time="0.001">
                      
                    </testcase><testcase classname="neon.handlingunitstock.HandlingUnitStockSuite" name="HandlingUnitStock allocating supports multiple sequential allocations" time="0.002">
                      
                    </testcase><testcase classname="neon.handlingunitstock.HandlingUnitStockSuite" name="HandlingUnitStock allocating rejects allocation exceeding available quantity" time="0.002">
                      
                    </testcase><testcase classname="neon.handlingunitstock.HandlingUnitStockSuite" name="HandlingUnitStock allocating rejects zero allocation quantity" time="0.001">
                      
                    </testcase><testcase classname="neon.handlingunitstock.HandlingUnitStockSuite" name="HandlingUnitStock allocating rejects negative allocation quantity" time="0.001">
                      
                    </testcase><testcase classname="neon.handlingunitstock.HandlingUnitStockSuite" name="HandlingUnitStock deallocating moves quantity from allocated back to available" time="0.005">
                      
                    </testcase><testcase classname="neon.handlingunitstock.HandlingUnitStockSuite" name="HandlingUnitStock deallocating returns Deallocated event" time="0.001">
                      
                    </testcase><testcase classname="neon.handlingunitstock.HandlingUnitStockSuite" name="HandlingUnitStock deallocating rejects deallocation exceeding allocated quantity" time="0.001">
                      
                    </testcase><testcase classname="neon.handlingunitstock.HandlingUnitStockSuite" name="HandlingUnitStock adding quantity increases both onHand and available by the added amount" time="0.002">
                      
                    </testcase><testcase classname="neon.handlingunitstock.HandlingUnitStockSuite" name="HandlingUnitStock adding quantity preserves existing allocations when adding" time="0.0">
                      
                    </testcase><testcase classname="neon.handlingunitstock.HandlingUnitStockSuite" name="HandlingUnitStock adding quantity returns QuantityAdded event" time="0.0">
                      
                    </testcase><testcase classname="neon.handlingunitstock.HandlingUnitStockSuite" name="HandlingUnitStock adding quantity rejects zero quantity" time="0.001">
                      
                    </testcase><testcase classname="neon.handlingunitstock.HandlingUnitStockSuite" name="HandlingUnitStock adding quantity rejects negative quantity" time="0.001">
                      
                    </testcase><testcase classname="neon.handlingunitstock.HandlingUnitStockSuite" name="HandlingUnitStock consuming allocated decreases both onHand and allocated by consumed amount" time="0.003">
                      
                    </testcase><testcase classname="neon.handlingunitstock.HandlingUnitStockSuite" name="HandlingUnitStock consuming allocated leaves available unchanged when consuming allocated" time="0.002">
                      
                    </testcase><testcase classname="neon.handlingunitstock.HandlingUnitStockSuite" name="HandlingUnitStock consuming allocated returns AllocatedConsumed event" time="0.001">
                      
                    </testcase><testcase classname="neon.handlingunitstock.HandlingUnitStockSuite" name="HandlingUnitStock consuming allocated rejects consumption exceeding allocated quantity" time="0.001">
                      
                    </testcase><testcase classname="neon.handlingunitstock.HandlingUnitStockSuite" name="HandlingUnitStock reserving moves quantity from available to reserved" time="0.005">
                      
                    </testcase><testcase classname="neon.handlingunitstock.HandlingUnitStockSuite" name="HandlingUnitStock reserving carries lock type on the Reserved event" time="0.001">
                      
                    </testcase><testcase classname="neon.handlingunitstock.HandlingUnitStockSuite" name="HandlingUnitStock reserving rejects reservation exceeding available quantity" time="0.002">
                      
                    </testcase><testcase classname="neon.handlingunitstock.HandlingUnitStockSuite" name="HandlingUnitStock releasing reservation moves quantity from reserved back to available" time="0.002">
                      
                    </testcase><testcase classname="neon.handlingunitstock.HandlingUnitStockSuite" name="HandlingUnitStock releasing reservation carries lock type on the ReservationReleased event" time="0.0">
                      
                    </testcase><testcase classname="neon.handlingunitstock.HandlingUnitStockSuite" name="HandlingUnitStock releasing reservation rejects release exceeding reserved quantity" time="0.001">
                      
                    </testcase><testcase classname="neon.handlingunitstock.HandlingUnitStockSuite" name="HandlingUnitStock blocking moves quantity from available to blocked" time="0.001">
                      
                    </testcase><testcase classname="neon.handlingunitstock.HandlingUnitStockSuite" name="HandlingUnitStock blocking returns Blocked event" time="0.001">
                      
                    </testcase><testcase classname="neon.handlingunitstock.HandlingUnitStockSuite" name="HandlingUnitStock blocking rejects blocking more than available" time="0.001">
                      
                    </testcase><testcase classname="neon.handlingunitstock.HandlingUnitStockSuite" name="HandlingUnitStock unblocking moves quantity from blocked back to available" time="0.004">
                      
                    </testcase><testcase classname="neon.handlingunitstock.HandlingUnitStockSuite" name="HandlingUnitStock unblocking rejects unblocking more than blocked" time="0.001">
                      
                    </testcase><testcase classname="neon.handlingunitstock.HandlingUnitStockSuite" name="HandlingUnitStock adjusting increases onHand and available for positive delta" time="0.005">
                      
                    </testcase><testcase classname="neon.handlingunitstock.HandlingUnitStockSuite" name="HandlingUnitStock adjusting decreases onHand and available for negative delta" time="0.001">
                      
                    </testcase><testcase classname="neon.handlingunitstock.HandlingUnitStockSuite" name="HandlingUnitStock adjusting carries reason code on Adjusted event" time="0.0">
                      
                    </testcase><testcase classname="neon.handlingunitstock.HandlingUnitStockSuite" name="HandlingUnitStock adjusting rejects adjustment that would make available negative" time="0.001">
                      
                    </testcase><testcase classname="neon.handlingunitstock.HandlingUnitStockSuite" name="HandlingUnitStock changing status transitions to new status and returns StatusChanged event" time="0.002">
                      
                    </testcase><testcase classname="neon.handlingunitstock.HandlingUnitStockSuite" name="HandlingUnitStock changing status carries handling unit stock id and timestamp on event" time="0.002">
                      
                    </testcase>
          <system-out><![CDATA[]]></system-out>
          <system-err><![CDATA[]]></system-err>
        </testsuite>