<?xml version='1.0' encoding='UTF-8'?>
<testsuite hostname="DESKTOP-16FKM8S" name="neon.app.http.SlotRoutesSuite" tests="4" errors="0" failures="0" skipped="0" time="0.521" timestamp="2026-04-14T14:37:51">
          <properties>
[...]
</properties>
          <testcase classname="neon.app.http.SlotRoutesSuite" name="SlotRoutes POST /slots/:id/reserve returns 200 with reserved response on success" time="0.506">
                      
                    </testcase><testcase classname="neon.app.http.SlotRoutesSuite" name="SlotRoutes POST /slots/:id/reserve returns 404 when slot not found" time="0.006">
                      
                    </testcase><testcase classname="neon.app.http.SlotRoutesSuite" name="SlotRoutes POST /slots/:id/reserve returns 409 when slot is in wrong state" time="0.006">
                      
                    </testcase><testcase classname="neon.app.http.SlotRoutesSuite" name="SlotRoutes POST /slots/:id/reserve returns 401 without session cookie" time="0.003">
                      
                    </testcase>
          <system-out><![CDATA[]]></system-out>
          <system-err><![CDATA[]]></system-err>
        </testsuite>