<?xml version='1.0' encoding='UTF-8'?>
<testsuite hostname="DESKTOP-16FKM8S" name="neon.inventory.InventorySuite" tests="30" errors="0" failures="0" skipped="0" time="0.128" timestamp="2026-04-14T14:37:25">
          <properties>
[...]
</properties>
          <testcase classname="neon.inventory.InventorySuite" name="Inventory creating produces an Inventory with reserved = 0 and an InventoryCreated event" time="0.033">
                      
                    </testcase><testcase classname="neon.inventory.InventorySuite" name="Inventory creating rejects negative onHand" time="0.0">
                      
                    </testcase><testcase classname="neon.inventory.InventorySuite" name="Inventory creating allows onHand = 0 for empty position tracking" time="0.0">
                      
                    </testcase><testcase classname="neon.inventory.InventorySuite" name="Inventory creating event carries all fields for downstream consumers" time="0.001">
                      
                    </testcase><testcase classname="neon.inventory.InventorySuite" name="Inventory available is onHand minus reserved" time="0.003">
                      
                    </testcase><testcase classname="neon.inventory.InventorySuite" name="Inventory available is zero when fully reserved" time="0.0">
                      
                    </testcase><testcase classname="neon.inventory.InventorySuite" name="Inventory reserving increments reserved and emits InventoryReserved" time="0.0">
                      
                    </testcase><testcase classname="neon.inventory.InventorySuite" name="Inventory reserving rejects quantity exceeding available" time="0.001">
                      
                    </testcase><testcase classname="neon.inventory.InventorySuite" name="Inventory reserving allows reserving exactly the available amount" time="0.001">
                      
                    </testcase><testcase classname="neon.inventory.InventorySuite" name="Inventory reserving rejects quantity &lt;= 0" time="0.001">
                      
                    </testcase><testcase classname="neon.inventory.InventorySuite" name="Inventory reserving event carries inventory identity and lot" time="0.0">
                      
                    </testcase><testcase classname="neon.inventory.InventorySuite" name="Inventory releasing decrements reserved and emits InventoryReleased" time="0.008">
                      
                    </testcase><testcase classname="neon.inventory.InventorySuite" name="Inventory releasing rejects quantity exceeding reserved" time="0.001">
                      
                    </testcase><testcase classname="neon.inventory.InventorySuite" name="Inventory releasing allows releasing exactly the reserved amount" time="0.001">
                      
                    </testcase><testcase classname="neon.inventory.InventorySuite" name="Inventory releasing rejects quantity &lt;= 0" time="0.002">
                      
                    </testcase><testcase classname="neon.inventory.InventorySuite" name="Inventory releasing event carries inventory identity and lot" time="0.001">
                      
                    </testcase><testcase classname="neon.inventory.InventorySuite" name="Inventory consuming decrements both onHand and reserved" time="0.016">
                      
                    </testcase><testcase classname="neon.inventory.InventorySuite" name="Inventory consuming rejects quantity exceeding reserved" time="0.001">
                      
                    </testcase><testcase classname="neon.inventory.InventorySuite" name="Inventory consuming allows consuming exactly the reserved amount" time="0.001">
                      
                    </testcase><testcase classname="neon.inventory.InventorySuite" name="Inventory consuming rejects quantity &lt;= 0" time="0.013">
                      
                    </testcase><testcase classname="neon.inventory.InventorySuite" name="Inventory consuming event carries inventory identity and lot" time="0.0">
                      
                    </testcase><testcase classname="neon.inventory.InventorySuite" name="Inventory correcting lot changes the lot and emits LotCorrected with previous and new" time="0.036">
                      
                    </testcase><testcase classname="neon.inventory.InventorySuite" name="Inventory correcting lot can set lot from None to Some" time="0.001">
                      
                    </testcase><testcase classname="neon.inventory.InventorySuite" name="Inventory correcting lot can clear lot from Some to None" time="0.001">
                      
                    </testcase><testcase classname="neon.inventory.InventorySuite" name="Inventory correcting lot emits event even when correcting to the same lot" time="0.001">
                      
                    </testcase><testcase classname="neon.inventory.InventorySuite" name="Inventory correcting lot event carries inventory identity" time="0.001">
                      
                    </testcase><testcase classname="neon.inventory.InventorySuite" name="Inventory correcting lot rejects correction when units are reserved" time="0.001">
                      
                    </testcase><testcase classname="neon.inventory.InventorySuite" name="Inventory correcting lot succeeds when reserved is zero" time="0.001">
                      
                    </testcase><testcase classname="neon.inventory.InventorySuite" name="Inventory lotless inventory reserve and consume work without lot tracking" time="0.001">
                      
                    </testcase><testcase classname="neon.inventory.InventorySuite" name="Inventory lifecycle stock arrives, gets allocated, and leaves the position" time="0.001">
                      
                    </testcase>
          <system-out><![CDATA[]]></system-out>
          <system-err><![CDATA[]]></system-err>
        </testsuite>